This is pdfTeX, Version 3.1415926-2.3-1.40.12 (TeX Live 2011) (format=latex 2011.9.14)  26 OCT 2011 14:06
entering extended mode
 restricted \write18 enabled.
 file:line:error style messages enabled.
 %&-line parsing enabled.
**hpcPaper2Col.tex
(./hpcPaper2Col.tex
LaTeX2e <2009/09/24>
Babel <v3.8l> and hyphenation patterns for english, dumylang, nohyphenation, ge
rman-x-2009-06-19, ngerman-x-2009-06-19, afrikaans, ancientgreek, ibycus, arabi
c, armenian, basque, bulgarian, catalan, pinyin, coptic, croatian, czech, danis
h, dutch, ukenglish, usenglishmax, esperanto, estonian, ethiopic, farsi, finnis
h, french, galician, german, ngerman, swissgerman, monogreek, greek, hungarian,
 icelandic, assamese, bengali, gujarati, hindi, kannada, malayalam, marathi, or
iya, panjabi, tamil, telugu, indonesian, interlingua, irish, italian, kurmanji,
 lao, latin, latvian, lithuanian, mongolian, mongolianlmc, bokmal, nynorsk, pol
ish, portuguese, romanian, russian, sanskrit, serbian, serbianc, slovak, sloven
ian, spanish, swedish, turkish, turkmen, ukrainian, uppersorbian, welsh, loaded
.
(/usr/local/texlive/2011/texmf-dist/tex/latex/base/article.cls
Document Class: article 2007/10/19 v1.4h Standard LaTeX document class
(/usr/local/texlive/2011/texmf-dist/tex/latex/base/size10.clo
File: size10.clo 2007/10/19 v1.4h Standard LaTeX file (size option)
)
\c@part=\count79
\c@section=\count80
\c@subsection=\count81
\c@subsubsection=\count82
\c@paragraph=\count83
\c@subparagraph=\count84
\c@figure=\count85
\c@table=\count86
\abovecaptionskip=\skip41
\belowcaptionskip=\skip42
\bibindent=\dimen102
)
(/usr/local/texlive/2011/texmf-dist/tex/latex/geometry/geometry.sty
Package: geometry 2010/09/12 v5.6 Page Geometry

(/usr/local/texlive/2011/texmf-dist/tex/latex/graphics/keyval.sty
Package: keyval 1999/03/16 v1.13 key=value parser (DPC)
\KV@toks@=\toks14
)
(/usr/local/texlive/2011/texmf-dist/tex/generic/oberdiek/ifpdf.sty
Package: ifpdf 2011/01/30 v2.3 Provides the ifpdf switch (HO)
Package ifpdf Info: pdfTeX in PDF mode is not detected.
)
(/usr/local/texlive/2011/texmf-dist/tex/generic/oberdiek/ifvtex.sty
Package: ifvtex 2010/03/01 v1.5 Switches for detecting VTeX and its modes (HO)
Package ifvtex Info: VTeX not detected.
)
(/usr/local/texlive/2011/texmf-dist/tex/generic/ifxetex/ifxetex.sty
Package: ifxetex 2010/09/12 v0.6 Provides ifxetex conditional
)
\Gm@cnth=\count87
\Gm@cntv=\count88
\c@Gm@tempcnt=\count89
\Gm@bindingoffset=\dimen103
\Gm@wd@mp=\dimen104
\Gm@odd@mp=\dimen105
\Gm@even@mp=\dimen106
\Gm@layoutwidth=\dimen107
\Gm@layoutheight=\dimen108
\Gm@layouthoffset=\dimen109
\Gm@layoutvoffset=\dimen110
\Gm@dimlist=\toks15
)
(/usr/local/texlive/2011/texmf-dist/tex/latex/graphics/graphics.sty
Package: graphics 2009/02/05 v1.0o Standard LaTeX Graphics (DPC,SPQR)

(/usr/local/texlive/2011/texmf-dist/tex/latex/graphics/trig.sty
Package: trig 1999/03/16 v1.09 sin cos tan (DPC)
)
(/usr/local/texlive/2011/texmf-dist/tex/latex/latexconfig/graphics.cfg
File: graphics.cfg 2010/04/23 v1.9 graphics configuration of TeX Live
)
Package graphics Info: Driver file: dvips.def on input line 91.

(/usr/local/texlive/2011/texmf-dist/tex/latex/graphics/dvips.def
File: dvips.def 1999/02/16 v3.0i Driver-dependant file (DPC,SPQR)
))
(/usr/local/texlive/2011/texmf-dist/tex/latex/setspace/setspace.sty
Package: setspace 2000/12/01 6.7 Contributed and Supported LaTeX2e package

Package: `setspace' 6.7 <2000/12/01>
) (/usr/local/texlive/2011/texmf-dist/tex/latex/natbib/natbib.sty
Package: natbib 2010/09/13 8.31b (PWD, AO)
\bibhang=\skip43
\bibsep=\skip44
LaTeX Info: Redefining \cite on input line 694.
\c@NAT@ctr=\count90
)
(/usr/local/texlive/2011/texmf-dist/tex/latex/psnfss/helvet.sty
Package: helvet 2005/04/12 PSNFSS-v9.2a (WaS) 
)

LaTeX Warning: Unused global option(s):
    [psfig].

(./hpcPaper2Col.aux)
\openout1 = `hpcPaper2Col.aux'.

LaTeX Font Info:    Checking defaults for OML/cmm/m/it on input line 57.
LaTeX Font Info:    ... okay on input line 57.
LaTeX Font Info:    Checking defaults for T1/cmr/m/n on input line 57.
LaTeX Font Info:    ... okay on input line 57.
LaTeX Font Info:    Checking defaults for OT1/cmr/m/n on input line 57.
LaTeX Font Info:    ... okay on input line 57.
LaTeX Font Info:    Checking defaults for OMS/cmsy/m/n on input line 57.
LaTeX Font Info:    ... okay on input line 57.
LaTeX Font Info:    Checking defaults for OMX/cmex/m/n on input line 57.
LaTeX Font Info:    ... okay on input line 57.
LaTeX Font Info:    Checking defaults for U/cmr/m/n on input line 57.
LaTeX Font Info:    ... okay on input line 57.

*geometry* driver: auto-detecting
*geometry* detected driver: dvips
*geometry* verbose mode - [ preamble ] result:
* driver: dvips
* paper: letterpaper
* layout: <same size as paper>
* layoutoffset:(h,v)=(0.0pt,0.0pt)
* modes: 
* h-part:(L,W,R)=(54.2025pt, 505.89pt, 54.2025pt)
* v-part:(T,H,B)=(54.2025pt, 668.4975pt, 72.26999pt)
* \paperwidth=614.295pt
* \paperheight=794.96999pt
* \textwidth=505.89pt
* \textheight=668.4975pt
* \oddsidemargin=-18.06749pt
* \evensidemargin=-18.06749pt
* \topmargin=-67.05615pt
* \headheight=12.0pt
* \headsep=36.98866pt
* \topskip=10.0pt
* \footskip=0.0pt
* \marginparwidth=4.0pt
* \marginparsep=10.0pt
* \columnsep=28.90755pt
* \skip\footins=9.0pt plus 4.0pt minus 2.0pt
* \hoffset=0.0pt
* \voffset=0.0pt
* \mag=1000
* \@twocolumntrue
* \@twosidefalse
* \@mparswitchfalse
* \@reversemarginfalse
* (1in=72.27pt=25.4mm, 1cm=28.453pt)

LaTeX Font Info:    Try loading font information for OT1+phv on input line 73.
(/usr/local/texlive/2011/texmf-dist/tex/latex/psnfss/ot1phv.fd
File: ot1phv.fd 2001/06/04 scalable font definitions for OT1/phv.
)
LaTeX Font Info:    Font shape `OT1/phv/m/n' will be
(Font)              scaled to size 15.55188pt on input line 73.
LaTeX Font Info:    Font shape `OT1/phv/m/n' will be
(Font)              scaled to size 18.66588pt on input line 73.
LaTeX Font Info:    Font shape `OT1/phv/bx/n' in size <20.74> not available
(Font)              Font shape `OT1/phv/b/n' tried instead on input line 73.
LaTeX Font Info:    Font shape `OT1/phv/b/n' will be
(Font)              scaled to size 18.66588pt on input line 73.
LaTeX Font Info:    External font `cmex10' loaded for size
(Font)              <12> on input line 73.
LaTeX Font Info:    External font `cmex10' loaded for size
(Font)              <8> on input line 73.
LaTeX Font Info:    External font `cmex10' loaded for size
(Font)              <6> on input line 73.
LaTeX Font Info:    Try loading font information for OT1+ptm on input line 73.

(/usr/local/texlive/2011/texmf-dist/tex/latex/psnfss/ot1ptm.fd
File: ot1ptm.fd 2001/06/04 font definitions for OT1/ptm.
)
LaTeX Font Info:    Font shape `OT1/ptm/bx/n' in size <12> not available
(Font)              Font shape `OT1/ptm/b/n' tried instead on input line 73.
LaTeX Font Info:    External font `cmex10' loaded for size
(Font)              <5> on input line 73.

Underfull \hbox (badness 2073) in paragraph at lines 73--73
[][]\OT1/cmr/m/n/8 Department of Elec-tri-cal En-gi-neer-ing, In-dian In-sti-tu
te
 []


Underfull \hbox (badness 3492) in paragraph at lines 73--73
\OT1/cmr/m/n/8 of Tech-nol-ogy Bom-bay, Powai, Mumbai-400076. email:
 []


Underfull \hbox (badness 2073) in paragraph at lines 73--73
[][]\OT1/cmr/m/n/8 Department of Elec-tri-cal En-gi-neer-ing, In-dian In-sti-tu
te
 []


Underfull \hbox (badness 3492) in paragraph at lines 73--73
\OT1/cmr/m/n/8 of Tech-nol-ogy Bom-bay, Powai, Mumbai-400076. email:
 []

LaTeX Font Info:    Font shape `OT1/phv/bx/n' in size <14.4> not available
(Font)              Font shape `OT1/phv/b/n' tried instead on input line 87.
LaTeX Font Info:    Font shape `OT1/phv/b/n' will be
(Font)              scaled to size 12.9599pt on input line 87.
LaTeX Font Info:    Font shape `OT1/phv/bx/n' in size <10> not available
(Font)              Font shape `OT1/phv/b/n' tried instead on input line 87.
LaTeX Font Info:    Font shape `OT1/phv/b/n' will be
(Font)              scaled to size 8.99994pt on input line 87.
LaTeX Font Info:    External font `cmex10' loaded for size
(Font)              <7> on input line 100.

Package natbib Warning: Citation `SIE' on page 1 undefined on input line 122.


Package natbib Warning: Citation `GAK' on page 1 undefined on input line 122.


Package natbib Warning: Citation `NJB' on page 1 undefined on input line 122.


Package natbib Warning: Citation `GT' on page 1 undefined on input line 122.


Package natbib Warning: Citation `HN' on page 1 undefined on input line 138.

[1


]

LaTeX Warning: Reference `multi' on page 2 undefined on input line 140.


LaTeX Warning: Reference `multi' on page 2 undefined on input line 146.


LaTeX Warning: Reference `multi' on page 2 undefined on input line 146.


Underfull \hbox (badness 10000) in paragraph at lines 151--155
\OT1/cmr/m/n/10 be the re-duced in-ci-dence ma-tri-ces of
 []


Underfull \hbox (badness 10000) in paragraph at lines 151--155
\OT1/cmr/m/n/10 graphs $\OML/cmm/m/it/10 G; G[]; G[]$ \OT1/cmr/m/n/10 re-spec-t
ively and
 []


Underfull \hbox (badness 7504) in paragraph at lines 151--155
\OT1/cmr/m/n/10 [\OML/cmm/m/it/10 B[]B[]\OT1/cmr/m/n/10 ]\OML/cmm/m/it/10 ; \OT
1/cmr/m/n/10 [\OML/cmm/m/it/10 B[]B[]\OT1/cmr/m/n/10 ]\OML/cmm/m/it/10 ; \OT1/c
mr/m/n/10 [\OML/cmm/m/it/10 B[]B[]\OT1/cmr/m/n/10 ]$ are the loop ma-tri-ces
 []


Underfull \hbox (badness 3872) in paragraph at lines 151--155
\OT1/cmr/m/n/10 (whose rows span the cur-rent space of graphs
 []

File: fig6.ps Graphic file (type eps)
<fig6.ps>

LaTeX Warning: Reference `multigen' on page 2 undefined on input line 228.

File: Multidecomp.ps Graphic file (type eps)
<Multidecomp.ps>
Overfull \hbox (14.45927pt too wide) in paragraph at lines 230--230
 [][] 
 []


Package natbib Warning: Citation `SHBP' on page 2 undefined on input line 239.


Package natbib Warning: Citation `SHBP' on page 2 undefined on input line 239.


Package natbib Warning: Citation `PVM' on page 2 undefined on input line 243.


Package natbib Warning: Citation `PVMS' on page 2 undefined on input line 243.

[2]

Package natbib Warning: Citation `GAK' on page 3 undefined on input line 264.


Package natbib Warning: Citation `NJB' on page 3 undefined on input line 264.


Package natbib Warning: Citation `GT' on page 3 undefined on input line 264.

LaTeX Font Info:    Font shape `OT1/phv/bx/n' in size <12> not available
(Font)              Font shape `OT1/phv/b/n' tried instead on input line 266.
LaTeX Font Info:    Font shape `OT1/phv/b/n' will be
(Font)              scaled to size 10.79993pt on input line 266.

LaTeX Warning: Reference `algo1' on page 3 undefined on input line 289.


LaTeX Warning: Reference `algo3' on page 3 undefined on input line 335.


LaTeX Warning: Reference `algo4' on page 3 undefined on input line 381.


Package natbib Warning: Citation `Golub' on page 3 undefined on input line 390.



Package natbib Warning: Citation `DON' on page 3 undefined on input line 390.

[3]
Underfull \vbox (badness 2790) has occurred while \output is active []

 [4]
Overfull \hbox (131.99506pt too wide) in paragraph at lines 499--512
 [] 
 []


Overfull \hbox (131.99506pt too wide) in paragraph at lines 517--530
 [] 
 []


Overfull \hbox (131.99506pt too wide) in paragraph at lines 535--548
 [] 
 []

[5

]
Overfull \hbox (131.99506pt too wide) in paragraph at lines 554--567
 [] 
 []


Overfull \hbox (131.99506pt too wide) in paragraph at lines 577--590
 [] 
 []

No file hpcPaper2Col.bbl.

Package natbib Warning: There were undefined citations.

[6

] (./hpcPaper2Col.aux)

LaTeX Warning: There were undefined references.


LaTeX Warning: Label(s) may have changed. Rerun to get cross-references right.

 ) 
Here is how much of TeX's memory you used:
 1485 strings out of 493634
 19694 string characters out of 3143400
 90678 words of memory out of 3000000
 4801 multiletter control sequences out of 15000+200000
 13749 words of font info for 40 fonts, out of 3000000 for 9000
 831 hyphenation exceptions out of 8191
 31i,12n,22p,631b,312s stack positions out of 5000i,500n,10000p,200000b,50000s

Output written on hpcPaper2Col.dvi (6 pages, 43716 bytes).
